<?xml version="1.0" encoding="UTF-8"?>
<!-- Generated by org.testng.reporters.JUnitReportReporter -->
<testsuite hostname="DESKTOP-IUBPR5A" failures="0" tests="1" name="com.impotant.desk.Lec1" time="103.234" errors="0" timestamp="2023-11-26T00:52:51 IST" skipped="0">
  <testcase classname="com.impotant.desk.Lec1" name="firgprog" time="103.234"/>
  <system-out/>
</testsuite> <!-- com.impotant.desk.Lec1 -->
