<?xml version="1.0" encoding="UTF-8"?>
<!-- Generated by org.testng.reporters.JUnitReportReporter -->
<testsuite hostname="DESKTOP-IUBPR5A" failures="0" tests="1" name="Lec1" time="30.492" errors="0" timestamp="2023-11-25T21:58:22 IST" skipped="0">
  <testcase classname="Lec1" name="firgprog" time="30.492"/>
  <system-out/>
</testsuite> <!-- Lec1 -->
